[03-Apr-2015 16:53:39 America/Los_Angeles] PHP Fatal error:  Maximum function nesting level of '100' reached, aborting! in /Users/adanmas/projects/gsb/gsb_public_profile/gsb-behat-tests/vendor/symfony/dependency-injection/Symfony/Component/DependencyInjection/Container.php on line 290
[03-Apr-2015 16:53:39 America/Los_Angeles] PHP Stack trace:
[03-Apr-2015 16:53:39 America/Los_Angeles] PHP   1. {main}() /Users/adanmas/projects/gsb/gsb_public_profile/gsb-behat-tests/vendor/behat/behat/bin/behat:0
[03-Apr-2015 16:53:39 America/Los_Angeles] PHP   2. Symfony\Component\Console\Application->run() /Users/adanmas/projects/gsb/gsb_public_profile/gsb-behat-tests/vendor/behat/behat/bin/behat:31
[03-Apr-2015 16:53:39 America/Los_Angeles] PHP   3. Behat\Testwork\Cli\Application->doRun() /Users/adanmas/projects/gsb/gsb_public_profile/gsb-behat-tests/vendor/symfony/console/Symfony/Component/Console/Application.php:126
[03-Apr-2015 16:53:39 America/Los_Angeles] PHP   4. Behat\Testwork\Cli\Application->createCommand() /Users/adanmas/projects/gsb/gsb_public_profile/gsb-behat-tests/vendor/behat/behat/src/Behat/Testwork/Cli/Application.php:96
[03-Apr-2015 16:53:39 America/Los_Angeles] PHP   5. Symfony\Component\DependencyInjection\ContainerBuilder->get() /Users/adanmas/projects/gsb/gsb_public_profile/gsb-behat-tests/vendor/behat/behat/src/Behat/Testwork/Cli/Application.php:138
[03-Apr-2015 16:53:39 America/Los_Angeles] PHP   6. Symfony\Component\DependencyInjection\ContainerBuilder->createService() /Users/adanmas/projects/gsb/gsb_public_profile/gsb-behat-tests/vendor/symfony/dependency-injection/Symfony/Component/DependencyInjection/ContainerBuilder.php:490
[03-Apr-2015 16:53:39 America/Los_Angeles] PHP   7. Symfony\Component\DependencyInjection\ContainerBuilder->resolveServices() /Users/adanmas/projects/gsb/gsb_public_profile/gsb-behat-tests/vendor/symfony/dependency-injection/Symfony/Component/DependencyInjection/ContainerBuilder.php:941
[03-Apr-2015 16:53:39 America/Los_Angeles] PHP   8. array_map() /Users/adanmas/projects/gsb/gsb_public_profile/gsb-behat-tests/vendor/symfony/dependency-injection/Symfony/Component/DependencyInjection/ContainerBuilder.php:1007
[03-Apr-2015 16:53:39 America/Los_Angeles] PHP   9. Symfony\Component\DependencyInjection\ContainerBuilder->resolveServices() /Users/adanmas/projects/gsb/gsb_public_profile/gsb-behat-tests/vendor/symfony/dependency-injection/Symfony/Component/DependencyInjection/ContainerBuilder.php:1007
[03-Apr-2015 16:53:39 America/Los_Angeles] PHP  10. array_map() /Users/adanmas/projects/gsb/gsb_public_profile/gsb-behat-tests/vendor/symfony/dependency-injection/Symfony/Component/DependencyInjection/ContainerBuilder.php:1007
[03-Apr-2015 16:53:39 America/Los_Angeles] PHP  11. Symfony\Component\DependencyInjection\ContainerBuilder->resolveServices() /Users/adanmas/projects/gsb/gsb_public_profile/gsb-behat-tests/vendor/symfony/dependency-injection/Symfony/Component/DependencyInjection/ContainerBuilder.php:1007
[03-Apr-2015 16:53:39 America/Los_Angeles] PHP  12. Symfony\Component\DependencyInjection\ContainerBuilder->get() /Users/adanmas/projects/gsb/gsb_public_profile/gsb-behat-tests/vendor/symfony/dependency-injection/Symfony/Component/DependencyInjection/ContainerBuilder.php:1009
[03-Apr-2015 16:53:39 America/Los_Angeles] PHP  13. Symfony\Component\DependencyInjection\ContainerBuilder->createService() /Users/adanmas/projects/gsb/gsb_public_profile/gsb-behat-tests/vendor/symfony/dependency-injection/Symfony/Component/DependencyInjection/ContainerBuilder.php:490
[03-Apr-2015 16:53:39 America/Los_Angeles] PHP  14. Symfony\Component\DependencyInjection\ContainerBuilder->resolveServices() /Users/adanmas/projects/gsb/gsb_public_profile/gsb-behat-tests/vendor/symfony/dependency-injection/Symfony/Component/DependencyInjection/ContainerBuilder.php:941
[03-Apr-2015 16:53:39 America/Los_Angeles] PHP  15. array_map() /Users/adanmas/projects/gsb/gsb_public_profile/gsb-behat-tests/vendor/symfony/dependency-injection/Symfony/Component/DependencyInjection/ContainerBuilder.php:1007
[03-Apr-2015 16:53:39 America/Los_Angeles] PHP  16. Symfony\Component\DependencyInjection\ContainerBuilder->resolveServices() /Users/adanmas/projects/gsb/gsb_public_profile/gsb-behat-tests/vendor/symfony/dependency-injection/Symfony/Component/DependencyInjection/ContainerBuilder.php:1007
[03-Apr-2015 16:53:39 America/Los_Angeles] PHP  17. Symfony\Component\DependencyInjection\ContainerBuilder->get() /Users/adanmas/projects/gsb/gsb_public_profile/gsb-behat-tests/vendor/symfony/dependency-injection/Symfony/Component/DependencyInjection/ContainerBuilder.php:1009
[03-Apr-2015 16:53:39 America/Los_Angeles] PHP  18. Symfony\Component\DependencyInjection\ContainerBuilder->createService() /Users/adanmas/projects/gsb/gsb_public_profile/gsb-behat-tests/vendor/symfony/dependency-injection/Symfony/Component/DependencyInjection/ContainerBuilder.php:490
[03-Apr-2015 16:53:39 America/Los_Angeles] PHP  19. Symfony\Component\DependencyInjection\ContainerBuilder->resolveServices() /Users/adanmas/projects/gsb/gsb_public_profile/gsb-behat-tests/vendor/symfony/dependency-injection/Symfony/Component/DependencyInjection/ContainerBuilder.php:941
[03-Apr-2015 16:53:39 America/Los_Angeles] PHP  20. array_map() /Users/adanmas/projects/gsb/gsb_public_profile/gsb-behat-tests/vendor/symfony/dependency-injection/Symfony/Component/DependencyInjection/ContainerBuilder.php:1007
[03-Apr-2015 16:53:39 America/Los_Angeles] PHP  21. Symfony\Component\DependencyInjection\ContainerBuilder->resolveServices() /Users/adanmas/projects/gsb/gsb_public_profile/gsb-behat-tests/vendor/symfony/dependency-injection/Symfony/Component/DependencyInjection/ContainerBuilder.php:1007
[03-Apr-2015 16:53:39 America/Los_Angeles] PHP  22. Symfony\Component\DependencyInjection\ContainerBuilder->createService() /Users/adanmas/projects/gsb/gsb_public_profile/gsb-behat-tests/vendor/symfony/dependency-injection/Symfony/Component/DependencyInjection/ContainerBuilder.php:1011
[03-Apr-2015 16:53:39 America/Los_Angeles] PHP  23. Symfony\Component\DependencyInjection\ContainerBuilder->resolveServices() /Users/adanmas/projects/gsb/gsb_public_profile/gsb-behat-tests/vendor/symfony/dependency-injection/Symfony/Component/DependencyInjection/ContainerBuilder.php:941
[03-Apr-2015 16:53:39 America/Los_Angeles] PHP  24. array_map() /Users/adanmas/projects/gsb/gsb_public_profile/gsb-behat-tests/vendor/symfony/dependency-injection/Symfony/Component/DependencyInjection/ContainerBuilder.php:1007
[03-Apr-2015 16:53:39 America/Los_Angeles] PHP  25. Symfony\Component\DependencyInjection\ContainerBuilder->resolveServices() /Users/adanmas/projects/gsb/gsb_public_profile/gsb-behat-tests/vendor/symfony/dependency-injection/Symfony/Component/DependencyInjection/ContainerBuilder.php:1007
[03-Apr-2015 16:53:39 America/Los_Angeles] PHP  26. Symfony\Component\DependencyInjection\ContainerBuilder->get() /Users/adanmas/projects/gsb/gsb_public_profile/gsb-behat-tests/vendor/symfony/dependency-injection/Symfony/Component/DependencyInjection/ContainerBuilder.php:1009
[03-Apr-2015 16:53:39 America/Los_Angeles] PHP  27. Symfony\Component\DependencyInjection\ContainerBuilder->createService() /Users/adanmas/projects/gsb/gsb_public_profile/gsb-behat-tests/vendor/symfony/dependency-injection/Symfony/Component/DependencyInjection/ContainerBuilder.php:490
[03-Apr-2015 16:53:39 America/Los_Angeles] PHP  28. Symfony\Component\DependencyInjection\ContainerBuilder->resolveServices() /Users/adanmas/projects/gsb/gsb_public_profile/gsb-behat-tests/vendor/symfony/dependency-injection/Symfony/Component/DependencyInjection/ContainerBuilder.php:941
[03-Apr-2015 16:53:39 America/Los_Angeles] PHP  29. array_map() /Users/adanmas/projects/gsb/gsb_public_profile/gsb-behat-tests/vendor/symfony/dependency-injection/Symfony/Component/DependencyInjection/ContainerBuilder.php:1007
[03-Apr-2015 16:53:39 America/Los_Angeles] PHP  30. Symfony\Component\DependencyInjection\ContainerBuilder->resolveServices() /Users/adanmas/projects/gsb/gsb_public_profile/gsb-behat-tests/vendor/symfony/dependency-injection/Symfony/Component/DependencyInjection/ContainerBuilder.php:1007
[03-Apr-2015 16:53:39 America/Los_Angeles] PHP  31. Symfony\Component\DependencyInjection\ContainerBuilder->get() /Users/adanmas/projects/gsb/gsb_public_profile/gsb-behat-tests/vendor/symfony/dependency-injection/Symfony/Component/DependencyInjection/ContainerBuilder.php:1009
[03-Apr-2015 16:53:39 America/Los_Angeles] PHP  32. Symfony\Component\DependencyInjection\ContainerBuilder->createService() /Users/adanmas/projects/gsb/gsb_public_profile/gsb-behat-tests/vendor/symfony/dependency-injection/Symfony/Component/DependencyInjection/ContainerBuilder.php:490
[03-Apr-2015 16:53:39 America/Los_Angeles] PHP  33. Symfony\Component\DependencyInjection\ContainerBuilder->resolveServices() /Users/adanmas/projects/gsb/gsb_public_profile/gsb-behat-tests/vendor/symfony/dependency-injection/Symfony/Component/DependencyInjection/ContainerBuilder.php:941
[03-Apr-2015 16:53:39 America/Los_Angeles] PHP  34. array_map() /Users/adanmas/projects/gsb/gsb_public_profile/gsb-behat-tests/vendor/symfony/dependency-injection/Symfony/Component/DependencyInjection/ContainerBuilder.php:1007
[03-Apr-2015 16:53:39 America/Los_Angeles] PHP  35. Symfony\Component\DependencyInjection\ContainerBuilder->resolveServices() /Users/adanmas/projects/gsb/gsb_public_profile/gsb-behat-tests/vendor/symfony/dependency-injection/Symfony/Component/DependencyInjection/ContainerBuilder.php:1007
[03-Apr-2015 16:53:39 America/Los_Angeles] PHP  36. Symfony\Component\DependencyInjection\ContainerBuilder->createService() /Users/adanmas/projects/gsb/gsb_public_profile/gsb-behat-tests/vendor/symfony/dependency-injection/Symfony/Component/DependencyInjection/ContainerBuilder.php:1011
[03-Apr-2015 16:53:39 America/Los_Angeles] PHP  37. Symfony\Component\DependencyInjection\ContainerBuilder->resolveServices() /Users/adanmas/projects/gsb/gsb_public_profile/gsb-behat-tests/vendor/symfony/dependency-injection/Symfony/Component/DependencyInjection/ContainerBuilder.php:941
[03-Apr-2015 16:53:39 America/Los_Angeles] PHP  38. array_map() /Users/adanmas/projects/gsb/gsb_public_profile/gsb-behat-tests/vendor/symfony/dependency-injection/Symfony/Component/DependencyInjection/ContainerBuilder.php:1007
[03-Apr-2015 16:53:39 America/Los_Angeles] PHP  39. Symfony\Component\DependencyInjection\ContainerBuilder->resolveServices() /Users/adanmas/projects/gsb/gsb_public_profile/gsb-behat-tests/vendor/symfony/dependency-injection/Symfony/Component/DependencyInjection/ContainerBuilder.php:1007
[03-Apr-2015 16:53:39 America/Los_Angeles] PHP  40. Symfony\Component\DependencyInjection\ContainerBuilder->get() /Users/adanmas/projects/gsb/gsb_public_profile/gsb-behat-tests/vendor/symfony/dependency-injection/Symfony/Component/DependencyInjection/ContainerBuilder.php:1009
[03-Apr-2015 16:53:39 America/Los_Angeles] PHP  41. Symfony\Component\DependencyInjection\ContainerBuilder->createService() /Users/adanmas/projects/gsb/gsb_public_profile/gsb-behat-tests/vendor/symfony/dependency-injection/Symfony/Component/DependencyInjection/ContainerBuilder.php:490
[03-Apr-2015 16:53:39 America/Los_Angeles] PHP  42. Symfony\Component\DependencyInjection\ContainerBuilder->resolveServices() /Users/adanmas/projects/gsb/gsb_public_profile/gsb-behat-tests/vendor/symfony/dependency-injection/Symfony/Component/DependencyInjection/ContainerBuilder.php:941
[03-Apr-2015 16:53:39 America/Los_Angeles] PHP  43. array_map() /Users/adanmas/projects/gsb/gsb_public_profile/gsb-behat-tests/vendor/symfony/dependency-injection/Symfony/Component/DependencyInjection/ContainerBuilder.php:1007
[03-Apr-2015 16:53:39 America/Los_Angeles] PHP  44. Symfony\Component\DependencyInjection\ContainerBuilder->resolveServices() /Users/adanmas/projects/gsb/gsb_public_profile/gsb-behat-tests/vendor/symfony/dependency-injection/Symfony/Component/DependencyInjection/ContainerBuilder.php:1007
[03-Apr-2015 16:53:39 America/Los_Angeles] PHP  45. Symfony\Component\DependencyInjection\ContainerBuilder->get() /Users/adanmas/projects/gsb/gsb_public_profile/gsb-behat-tests/vendor/symfony/dependency-injection/Symfony/Component/DependencyInjection/ContainerBuilder.php:1009
[03-Apr-2015 16:53:39 America/Los_Angeles] PHP  46. Symfony\Component\DependencyInjection\ContainerBuilder->createService() /Users/adanmas/projects/gsb/gsb_public_profile/gsb-behat-tests/vendor/symfony/dependency-injection/Symfony/Component/DependencyInjection/ContainerBuilder.php:490
[03-Apr-2015 16:53:39 America/Los_Angeles] PHP  47. Symfony\Component\DependencyInjection\ContainerBuilder->resolveServices() /Users/adanmas/projects/gsb/gsb_public_profile/gsb-behat-tests/vendor/symfony/dependency-injection/Symfony/Component/DependencyInjection/ContainerBuilder.php:941
[03-Apr-2015 16:53:39 America/Los_Angeles] PHP  48. array_map() /Users/adanmas/projects/gsb/gsb_public_profile/gsb-behat-tests/vendor/symfony/dependency-injection/Symfony/Component/DependencyInjection/ContainerBuilder.php:1007
[03-Apr-2015 16:53:39 America/Los_Angeles] PHP  49. Symfony\Component\DependencyInjection\ContainerBuilder->resolveServices() /Users/adanmas/projects/gsb/gsb_public_profile/gsb-behat-tests/vendor/symfony/dependency-injection/Symfony/Component/DependencyInjection/ContainerBuilder.php:1007
[03-Apr-2015 16:53:39 America/Los_Angeles] PHP  50. Symfony\Component\DependencyInjection\ContainerBuilder->createService() /Users/adanmas/projects/gsb/gsb_public_profile/gsb-behat-tests/vendor/symfony/dependency-injection/Symfony/Component/DependencyInjection/ContainerBuilder.php:1011
[03-Apr-2015 16:53:39 America/Los_Angeles] PHP  51. Symfony\Component\DependencyInjection\ContainerBuilder->resolveServices() /Users/adanmas/projects/gsb/gsb_public_profile/gsb-behat-tests/vendor/symfony/dependency-injection/Symfony/Component/DependencyInjection/ContainerBuilder.php:941
[03-Apr-2015 16:53:39 America/Los_Angeles] PHP  52. array_map() /Users/adanmas/projects/gsb/gsb_public_profile/gsb-behat-tests/vendor/symfony/dependency-injection/Symfony/Component/DependencyInjection/ContainerBuilder.php:1007
[03-Apr-2015 16:53:39 America/Los_Angeles] PHP  53. Symfony\Component\DependencyInjection\ContainerBuilder->resolveServices() /Users/adanmas/projects/gsb/gsb_public_profile/gsb-behat-tests/vendor/symfony/dependency-injection/Symfony/Component/DependencyInjection/ContainerBuilder.php:1007
[03-Apr-2015 16:53:39 America/Los_Angeles] PHP  54. Symfony\Component\DependencyInjection\ContainerBuilder->get() /Users/adanmas/projects/gsb/gsb_public_profile/gsb-behat-tests/vendor/symfony/dependency-injection/Symfony/Component/DependencyInjection/ContainerBuilder.php:1009
[03-Apr-2015 16:53:39 America/Los_Angeles] PHP  55. Symfony\Component\DependencyInjection\ContainerBuilder->createService() /Users/adanmas/projects/gsb/gsb_public_profile/gsb-behat-tests/vendor/symfony/dependency-injection/Symfony/Component/DependencyInjection/ContainerBuilder.php:490
[03-Apr-2015 16:53:39 America/Los_Angeles] PHP  56. Symfony\Component\DependencyInjection\ContainerBuilder->resolveServices() /Users/adanmas/projects/gsb/gsb_public_profile/gsb-behat-tests/vendor/symfony/dependency-injection/Symfony/Component/DependencyInjection/ContainerBuilder.php:941
[03-Apr-2015 16:53:39 America/Los_Angeles] PHP  57. array_map() /Users/adanmas/projects/gsb/gsb_public_profile/gsb-behat-tests/vendor/symfony/dependency-injection/Symfony/Component/DependencyInjection/ContainerBuilder.php:1007
[03-Apr-2015 16:53:39 America/Los_Angeles] PHP  58. Symfony\Component\DependencyInjection\ContainerBuilder->resolveServices() /Users/adanmas/projects/gsb/gsb_public_profile/gsb-behat-tests/vendor/symfony/dependency-injection/Symfony/Component/DependencyInjection/ContainerBuilder.php:1007
[03-Apr-2015 16:53:39 America/Los_Angeles] PHP  59. Symfony\Component\DependencyInjection\ContainerBuilder->get() /Users/adanmas/projects/gsb/gsb_public_profile/gsb-behat-tests/vendor/symfony/dependency-injection/Symfony/Component/DependencyInjection/ContainerBuilder.php:1009
[03-Apr-2015 16:53:39 America/Los_Angeles] PHP  60. Symfony\Component\DependencyInjection\ContainerBuilder->createService() /Users/adanmas/projects/gsb/gsb_public_profile/gsb-behat-tests/vendor/symfony/dependency-injection/Symfony/Component/DependencyInjection/ContainerBuilder.php:490
[03-Apr-2015 16:53:39 America/Los_Angeles] PHP  61. Symfony\Component\DependencyInjection\ContainerBuilder->resolveServices() /Users/adanmas/projects/gsb/gsb_public_profile/gsb-behat-tests/vendor/symfony/dependency-injection/Symfony/Component/DependencyInjection/ContainerBuilder.php:941
[03-Apr-2015 16:53:39 America/Los_Angeles] PHP  62. array_map() /Users/adanmas/projects/gsb/gsb_public_profile/gsb-behat-tests/vendor/symfony/dependency-injection/Symfony/Component/DependencyInjection/ContainerBuilder.php:1007
[03-Apr-2015 16:53:39 America/Los_Angeles] PHP  63. Symfony\Component\DependencyInjection\ContainerBuilder->resolveServices() /Users/adanmas/projects/gsb/gsb_public_profile/gsb-behat-tests/vendor/symfony/dependency-injection/Symfony/Component/DependencyInjection/ContainerBuilder.php:1007
[03-Apr-2015 16:53:39 America/Los_Angeles] PHP  64. Symfony\Component\DependencyInjection\ContainerBuilder->createService() /Users/adanmas/projects/gsb/gsb_public_profile/gsb-behat-tests/vendor/symfony/dependency-injection/Symfony/Component/DependencyInjection/ContainerBuilder.php:1011
[03-Apr-2015 16:53:39 America/Los_Angeles] PHP  65. Symfony\Component\DependencyInjection\ContainerBuilder->resolveServices() /Users/adanmas/projects/gsb/gsb_public_profile/gsb-behat-tests/vendor/symfony/dependency-injection/Symfony/Component/DependencyInjection/ContainerBuilder.php:941
[03-Apr-2015 16:53:39 America/Los_Angeles] PHP  66. array_map() /Users/adanmas/projects/gsb/gsb_public_profile/gsb-behat-tests/vendor/symfony/dependency-injection/Symfony/Component/DependencyInjection/ContainerBuilder.php:1007
[03-Apr-2015 16:53:39 America/Los_Angeles] PHP  67. Symfony\Component\DependencyInjection\ContainerBuilder->resolveServices() /Users/adanmas/projects/gsb/gsb_public_profile/gsb-behat-tests/vendor/symfony/dependency-injection/Symfony/Component/DependencyInjection/ContainerBuilder.php:1007
[03-Apr-2015 16:53:39 America/Los_Angeles] PHP  68. Symfony\Component\DependencyInjection\ContainerBuilder->get() /Users/adanmas/projects/gsb/gsb_public_profile/gsb-behat-tests/vendor/symfony/dependency-injection/Symfony/Component/DependencyInjection/ContainerBuilder.php:1009
[03-Apr-2015 16:53:39 America/Los_Angeles] PHP  69. Symfony\Component\DependencyInjection\ContainerBuilder->createService() /Users/adanmas/projects/gsb/gsb_public_profile/gsb-behat-tests/vendor/symfony/dependency-injection/Symfony/Component/DependencyInjection/ContainerBuilder.php:490
[03-Apr-2015 16:53:39 America/Los_Angeles] PHP  70. Symfony\Component\DependencyInjection\ContainerBuilder->resolveServices() /Users/adanmas/projects/gsb/gsb_public_profile/gsb-behat-tests/vendor/symfony/dependency-injection/Symfony/Component/DependencyInjection/ContainerBuilder.php:941
[03-Apr-2015 16:53:39 America/Los_Angeles] PHP  71. array_map() /Users/adanmas/projects/gsb/gsb_public_profile/gsb-behat-tests/vendor/symfony/dependency-injection/Symfony/Component/DependencyInjection/ContainerBuilder.php:1007
[03-Apr-2015 16:53:39 America/Los_Angeles] PHP  72. Symfony\Component\DependencyInjection\ContainerBuilder->resolveServices() /Users/adanmas/projects/gsb/gsb_public_profile/gsb-behat-tests/vendor/symfony/dependency-injection/Symfony/Component/DependencyInjection/ContainerBuilder.php:1007
[03-Apr-2015 16:53:39 America/Los_Angeles] PHP  73. Symfony\Component\DependencyInjection\ContainerBuilder->get() /Users/adanmas/projects/gsb/gsb_public_profile/gsb-behat-tests/vendor/symfony/dependency-injection/Symfony/Component/DependencyInjection/ContainerBuilder.php:1009
[03-Apr-2015 16:53:39 America/Los_Angeles] PHP  74. Symfony\Component\DependencyInjection\ContainerBuilder->createService() /Users/adanmas/projects/gsb/gsb_public_profile/gsb-behat-tests/vendor/symfony/dependency-injection/Symfony/Component/DependencyInjection/ContainerBuilder.php:490
[03-Apr-2015 16:53:39 America/Los_Angeles] PHP  75. Symfony\Component\DependencyInjection\ContainerBuilder->resolveServices() /Users/adanmas/projects/gsb/gsb_public_profile/gsb-behat-tests/vendor/symfony/dependency-injection/Symfony/Component/DependencyInjection/ContainerBuilder.php:941
[03-Apr-2015 16:53:39 America/Los_Angeles] PHP  76. array_map() /Users/adanmas/projects/gsb/gsb_public_profile/gsb-behat-tests/vendor/symfony/dependency-injection/Symfony/Component/DependencyInjection/ContainerBuilder.php:1007
[03-Apr-2015 16:53:39 America/Los_Angeles] PHP  77. Symfony\Component\DependencyInjection\ContainerBuilder->resolveServices() /Users/adanmas/projects/gsb/gsb_public_profile/gsb-behat-tests/vendor/symfony/dependency-injection/Symfony/Component/DependencyInjection/ContainerBuilder.php:1007
[03-Apr-2015 16:53:39 America/Los_Angeles] PHP  78. Symfony\Component\DependencyInjection\ContainerBuilder->get() /Users/adanmas/projects/gsb/gsb_public_profile/gsb-behat-tests/vendor/symfony/dependency-injection/Symfony/Component/DependencyInjection/ContainerBuilder.php:1009
[03-Apr-2015 16:53:39 America/Los_Angeles] PHP  79. Symfony\Component\DependencyInjection\ContainerBuilder->createService() /Users/adanmas/projects/gsb/gsb_public_profile/gsb-behat-tests/vendor/symfony/dependency-injection/Symfony/Component/DependencyInjection/ContainerBuilder.php:490
[03-Apr-2015 16:53:39 America/Los_Angeles] PHP  80. Symfony\Component\DependencyInjection\ContainerBuilder->resolveServices() /Users/adanmas/projects/gsb/gsb_public_profile/gsb-behat-tests/vendor/symfony/dependency-injection/Symfony/Component/DependencyInjection/ContainerBuilder.php:941
[03-Apr-2015 16:53:39 America/Los_Angeles] PHP  81. array_map() /Users/adanmas/projects/gsb/gsb_public_profile/gsb-behat-tests/vendor/symfony/dependency-injection/Symfony/Component/DependencyInjection/ContainerBuilder.php:1007
[03-Apr-2015 16:53:39 America/Los_Angeles] PHP  82. Symfony\Component\DependencyInjection\ContainerBuilder->resolveServices() /Users/adanmas/projects/gsb/gsb_public_profile/gsb-behat-tests/vendor/symfony/dependency-injection/Symfony/Component/DependencyInjection/ContainerBuilder.php:1007
[03-Apr-2015 16:53:39 America/Los_Angeles] PHP  83. Symfony\Component\DependencyInjection\ContainerBuilder->createService() /Users/adanmas/projects/gsb/gsb_public_profile/gsb-behat-tests/vendor/symfony/dependency-injection/Symfony/Component/DependencyInjection/ContainerBuilder.php:1011
[03-Apr-2015 16:53:39 America/Los_Angeles] PHP  84. Symfony\Component\DependencyInjection\ContainerBuilder->resolveServices() /Users/adanmas/projects/gsb/gsb_public_profile/gsb-behat-tests/vendor/symfony/dependency-injection/Symfony/Component/DependencyInjection/ContainerBuilder.php:941
[03-Apr-2015 16:53:39 America/Los_Angeles] PHP  85. array_map() /Users/adanmas/projects/gsb/gsb_public_profile/gsb-behat-tests/vendor/symfony/dependency-injection/Symfony/Component/DependencyInjection/ContainerBuilder.php:1007
[03-Apr-2015 16:53:39 America/Los_Angeles] PHP  86. Symfony\Component\DependencyInjection\ContainerBuilder->resolveServices() /Users/adanmas/projects/gsb/gsb_public_profile/gsb-behat-tests/vendor/symfony/dependency-injection/Symfony/Component/DependencyInjection/ContainerBuilder.php:1007
[03-Apr-2015 16:53:39 America/Los_Angeles] PHP  87. Symfony\Component\DependencyInjection\ContainerBuilder->get() /Users/adanmas/projects/gsb/gsb_public_profile/gsb-behat-tests/vendor/symfony/dependency-injection/Symfony/Component/DependencyInjection/ContainerBuilder.php:1009
[03-Apr-2015 16:53:39 America/Los_Angeles] PHP  88. Symfony\Component\DependencyInjection\ContainerBuilder->createService() /Users/adanmas/projects/gsb/gsb_public_profile/gsb-behat-tests/vendor/symfony/dependency-injection/Symfony/Component/DependencyInjection/ContainerBuilder.php:490
[03-Apr-2015 16:53:39 America/Los_Angeles] PHP  89. Symfony\Component\DependencyInjection\ContainerBuilder->callMethod() /Users/adanmas/projects/gsb/gsb_public_profile/gsb-behat-tests/vendor/symfony/dependency-injection/Symfony/Component/DependencyInjection/ContainerBuilder.php:973
[03-Apr-2015 16:53:39 America/Los_Angeles] PHP  90. Symfony\Component\DependencyInjection\ContainerBuilder->resolveServices() /Users/adanmas/projects/gsb/gsb_public_profile/gsb-behat-tests/vendor/symfony/dependency-injection/Symfony/Component/DependencyInjection/ContainerBuilder.php:1151
[03-Apr-2015 16:53:39 America/Los_Angeles] PHP  91. array_map() /Users/adanmas/projects/gsb/gsb_public_profile/gsb-behat-tests/vendor/symfony/dependency-injection/Symfony/Component/DependencyInjection/ContainerBuilder.php:1007
[03-Apr-2015 16:53:39 America/Los_Angeles] PHP  92. Symfony\Component\DependencyInjection\ContainerBuilder->resolveServices() /Users/adanmas/projects/gsb/gsb_public_profile/gsb-behat-tests/vendor/symfony/dependency-injection/Symfony/Component/DependencyInjection/ContainerBuilder.php:1007
[03-Apr-2015 16:53:39 America/Los_Angeles] PHP  93. Symfony\Component\DependencyInjection\ContainerBuilder->get() /Users/adanmas/projects/gsb/gsb_public_profile/gsb-behat-tests/vendor/symfony/dependency-injection/Symfony/Component/DependencyInjection/ContainerBuilder.php:1009
[03-Apr-2015 16:53:39 America/Los_Angeles] PHP  94. Symfony\Component\DependencyInjection\ContainerBuilder->createService() /Users/adanmas/projects/gsb/gsb_public_profile/gsb-behat-tests/vendor/symfony/dependency-injection/Symfony/Component/DependencyInjection/ContainerBuilder.php:490
[03-Apr-2015 16:53:39 America/Los_Angeles] PHP  95. Symfony\Component\DependencyInjection\ContainerBuilder->resolveServices() /Users/adanmas/projects/gsb/gsb_public_profile/gsb-behat-tests/vendor/symfony/dependency-injection/Symfony/Component/DependencyInjection/ContainerBuilder.php:941
[03-Apr-2015 16:53:39 America/Los_Angeles] PHP  96. array_map() /Users/adanmas/projects/gsb/gsb_public_profile/gsb-behat-tests/vendor/symfony/dependency-injection/Symfony/Component/DependencyInjection/ContainerBuilder.php:1007
[03-Apr-2015 16:53:39 America/Los_Angeles] PHP  97. Symfony\Component\DependencyInjection\ContainerBuilder->resolveServices() /Users/adanmas/projects/gsb/gsb_public_profile/gsb-behat-tests/vendor/symfony/dependency-injection/Symfony/Component/DependencyInjection/ContainerBuilder.php:1007
[03-Apr-2015 16:53:39 America/Los_Angeles] PHP  98. Symfony\Component\DependencyInjection\ContainerBuilder->get() /Users/adanmas/projects/gsb/gsb_public_profile/gsb-behat-tests/vendor/symfony/dependency-injection/Symfony/Component/DependencyInjection/ContainerBuilder.php:1009
[03-Apr-2015 16:53:39 America/Los_Angeles] PHP  99. Symfony\Component\DependencyInjection\Container->get() /Users/adanmas/projects/gsb/gsb_public_profile/gsb-behat-tests/vendor/symfony/dependency-injection/Symfony/Component/DependencyInjection/ContainerBuilder.php:469
[03-Apr-2015 16:54:11 America/Los_Angeles] PHP Fatal error:  Maximum function nesting level of '100' reached, aborting! in /Users/adanmas/projects/gsb/gsb_public_profile/gsb-behat-tests/vendor/symfony/dependency-injection/Symfony/Component/DependencyInjection/Container.php on line 290
[03-Apr-2015 16:54:11 America/Los_Angeles] PHP Stack trace:
[03-Apr-2015 16:54:11 America/Los_Angeles] PHP   1. {main}() /Users/adanmas/projects/gsb/gsb_public_profile/gsb-behat-tests/vendor/behat/behat/bin/behat:0
[03-Apr-2015 16:54:11 America/Los_Angeles] PHP   2. Symfony\Component\Console\Application->run() /Users/adanmas/projects/gsb/gsb_public_profile/gsb-behat-tests/vendor/behat/behat/bin/behat:31
[03-Apr-2015 16:54:11 America/Los_Angeles] PHP   3. Behat\Testwork\Cli\Application->doRun() /Users/adanmas/projects/gsb/gsb_public_profile/gsb-behat-tests/vendor/symfony/console/Symfony/Component/Console/Application.php:126
[03-Apr-2015 16:54:11 America/Los_Angeles] PHP   4. Behat\Testwork\Cli\Application->createCommand() /Users/adanmas/projects/gsb/gsb_public_profile/gsb-behat-tests/vendor/behat/behat/src/Behat/Testwork/Cli/Application.php:96
[03-Apr-2015 16:54:11 America/Los_Angeles] PHP   5. Symfony\Component\DependencyInjection\ContainerBuilder->get() /Users/adanmas/projects/gsb/gsb_public_profile/gsb-behat-tests/vendor/behat/behat/src/Behat/Testwork/Cli/Application.php:138
[03-Apr-2015 16:54:11 America/Los_Angeles] PHP   6. Symfony\Component\DependencyInjection\ContainerBuilder->createService() /Users/adanmas/projects/gsb/gsb_public_profile/gsb-behat-tests/vendor/symfony/dependency-injection/Symfony/Component/DependencyInjection/ContainerBuilder.php:490
[03-Apr-2015 16:54:11 America/Los_Angeles] PHP   7. Symfony\Component\DependencyInjection\ContainerBuilder->resolveServices() /Users/adanmas/projects/gsb/gsb_public_profile/gsb-behat-tests/vendor/symfony/dependency-injection/Symfony/Component/DependencyInjection/ContainerBuilder.php:941
[03-Apr-2015 16:54:11 America/Los_Angeles] PHP   8. array_map() /Users/adanmas/projects/gsb/gsb_public_profile/gsb-behat-tests/vendor/symfony/dependency-injection/Symfony/Component/DependencyInjection/ContainerBuilder.php:1007
[03-Apr-2015 16:54:11 America/Los_Angeles] PHP   9. Symfony\Component\DependencyInjection\ContainerBuilder->resolveServices() /Users/adanmas/projects/gsb/gsb_public_profile/gsb-behat-tests/vendor/symfony/dependency-injection/Symfony/Component/DependencyInjection/ContainerBuilder.php:1007
[03-Apr-2015 16:54:11 America/Los_Angeles] PHP  10. array_map() /Users/adanmas/projects/gsb/gsb_public_profile/gsb-behat-tests/vendor/symfony/dependency-injection/Symfony/Component/DependencyInjection/ContainerBuilder.php:1007
[03-Apr-2015 16:54:11 America/Los_Angeles] PHP  11. Symfony\Component\DependencyInjection\ContainerBuilder->resolveServices() /Users/adanmas/projects/gsb/gsb_public_profile/gsb-behat-tests/vendor/symfony/dependency-injection/Symfony/Component/DependencyInjection/ContainerBuilder.php:1007
[03-Apr-2015 16:54:11 America/Los_Angeles] PHP  12. Symfony\Component\DependencyInjection\ContainerBuilder->get() /Users/adanmas/projects/gsb/gsb_public_profile/gsb-behat-tests/vendor/symfony/dependency-injection/Symfony/Component/DependencyInjection/ContainerBuilder.php:1009
[03-Apr-2015 16:54:11 America/Los_Angeles] PHP  13. Symfony\Component\DependencyInjection\ContainerBuilder->createService() /Users/adanmas/projects/gsb/gsb_public_profile/gsb-behat-tests/vendor/symfony/dependency-injection/Symfony/Component/DependencyInjection/ContainerBuilder.php:490
[03-Apr-2015 16:54:11 America/Los_Angeles] PHP  14. Symfony\Component\DependencyInjection\ContainerBuilder->resolveServices() /Users/adanmas/projects/gsb/gsb_public_profile/gsb-behat-tests/vendor/symfony/dependency-injection/Symfony/Component/DependencyInjection/ContainerBuilder.php:941
[03-Apr-2015 16:54:11 America/Los_Angeles] PHP  15. array_map() /Users/adanmas/projects/gsb/gsb_public_profile/gsb-behat-tests/vendor/symfony/dependency-injection/Symfony/Component/DependencyInjection/ContainerBuilder.php:1007
[03-Apr-2015 16:54:11 America/Los_Angeles] PHP  16. Symfony\Component\DependencyInjection\ContainerBuilder->resolveServices() /Users/adanmas/projects/gsb/gsb_public_profile/gsb-behat-tests/vendor/symfony/dependency-injection/Symfony/Component/DependencyInjection/ContainerBuilder.php:1007
[03-Apr-2015 16:54:11 America/Los_Angeles] PHP  17. Symfony\Component\DependencyInjection\ContainerBuilder->get() /Users/adanmas/projects/gsb/gsb_public_profile/gsb-behat-tests/vendor/symfony/dependency-injection/Symfony/Component/DependencyInjection/ContainerBuilder.php:1009
[03-Apr-2015 16:54:11 America/Los_Angeles] PHP  18. Symfony\Component\DependencyInjection\ContainerBuilder->createService() /Users/adanmas/projects/gsb/gsb_public_profile/gsb-behat-tests/vendor/symfony/dependency-injection/Symfony/Component/DependencyInjection/ContainerBuilder.php:490
[03-Apr-2015 16:54:11 America/Los_Angeles] PHP  19. Symfony\Component\DependencyInjection\ContainerBuilder->resolveServices() /Users/adanmas/projects/gsb/gsb_public_profile/gsb-behat-tests/vendor/symfony/dependency-injection/Symfony/Component/DependencyInjection/ContainerBuilder.php:941
[03-Apr-2015 16:54:11 America/Los_Angeles] PHP  20. array_map() /Users/adanmas/projects/gsb/gsb_public_profile/gsb-behat-tests/vendor/symfony/dependency-injection/Symfony/Component/DependencyInjection/ContainerBuilder.php:1007
[03-Apr-2015 16:54:11 America/Los_Angeles] PHP  21. Symfony\Component\DependencyInjection\ContainerBuilder->resolveServices() /Users/adanmas/projects/gsb/gsb_public_profile/gsb-behat-tests/vendor/symfony/dependency-injection/Symfony/Component/DependencyInjection/ContainerBuilder.php:1007
[03-Apr-2015 16:54:11 America/Los_Angeles] PHP  22. Symfony\Component\DependencyInjection\ContainerBuilder->createService() /Users/adanmas/projects/gsb/gsb_public_profile/gsb-behat-tests/vendor/symfony/dependency-injection/Symfony/Component/DependencyInjection/ContainerBuilder.php:1011
[03-Apr-2015 16:54:11 America/Los_Angeles] PHP  23. Symfony\Component\DependencyInjection\ContainerBuilder->resolveServices() /Users/adanmas/projects/gsb/gsb_public_profile/gsb-behat-tests/vendor/symfony/dependency-injection/Symfony/Component/DependencyInjection/ContainerBuilder.php:941
[03-Apr-2015 16:54:11 America/Los_Angeles] PHP  24. array_map() /Users/adanmas/projects/gsb/gsb_public_profile/gsb-behat-tests/vendor/symfony/dependency-injection/Symfony/Component/DependencyInjection/ContainerBuilder.php:1007
[03-Apr-2015 16:54:11 America/Los_Angeles] PHP  25. Symfony\Component\DependencyInjection\ContainerBuilder->resolveServices() /Users/adanmas/projects/gsb/gsb_public_profile/gsb-behat-tests/vendor/symfony/dependency-injection/Symfony/Component/DependencyInjection/ContainerBuilder.php:1007
[03-Apr-2015 16:54:11 America/Los_Angeles] PHP  26. Symfony\Component\DependencyInjection\ContainerBuilder->get() /Users/adanmas/projects/gsb/gsb_public_profile/gsb-behat-tests/vendor/symfony/dependency-injection/Symfony/Component/DependencyInjection/ContainerBuilder.php:1009
[03-Apr-2015 16:54:11 America/Los_Angeles] PHP  27. Symfony\Component\DependencyInjection\ContainerBuilder->createService() /Users/adanmas/projects/gsb/gsb_public_profile/gsb-behat-tests/vendor/symfony/dependency-injection/Symfony/Component/DependencyInjection/ContainerBuilder.php:490
[03-Apr-2015 16:54:11 America/Los_Angeles] PHP  28. Symfony\Component\DependencyInjection\ContainerBuilder->resolveServices() /Users/adanmas/projects/gsb/gsb_public_profile/gsb-behat-tests/vendor/symfony/dependency-injection/Symfony/Component/DependencyInjection/ContainerBuilder.php:941
[03-Apr-2015 16:54:11 America/Los_Angeles] PHP  29. array_map() /Users/adanmas/projects/gsb/gsb_public_profile/gsb-behat-tests/vendor/symfony/dependency-injection/Symfony/Component/DependencyInjection/ContainerBuilder.php:1007
[03-Apr-2015 16:54:11 America/Los_Angeles] PHP  30. Symfony\Component\DependencyInjection\ContainerBuilder->resolveServices() /Users/adanmas/projects/gsb/gsb_public_profile/gsb-behat-tests/vendor/symfony/dependency-injection/Symfony/Component/DependencyInjection/ContainerBuilder.php:1007
[03-Apr-2015 16:54:11 America/Los_Angeles] PHP  31. Symfony\Component\DependencyInjection\ContainerBuilder->get() /Users/adanmas/projects/gsb/gsb_public_profile/gsb-behat-tests/vendor/symfony/dependency-injection/Symfony/Component/DependencyInjection/ContainerBuilder.php:1009
[03-Apr-2015 16:54:11 America/Los_Angeles] PHP  32. Symfony\Component\DependencyInjection\ContainerBuilder->createService() /Users/adanmas/projects/gsb/gsb_public_profile/gsb-behat-tests/vendor/symfony/dependency-injection/Symfony/Component/DependencyInjection/ContainerBuilder.php:490
[03-Apr-2015 16:54:11 America/Los_Angeles] PHP  33. Symfony\Component\DependencyInjection\ContainerBuilder->resolveServices() /Users/adanmas/projects/gsb/gsb_public_profile/gsb-behat-tests/vendor/symfony/dependency-injection/Symfony/Component/DependencyInjection/ContainerBuilder.php:941
[03-Apr-2015 16:54:11 America/Los_Angeles] PHP  34. array_map() /Users/adanmas/projects/gsb/gsb_public_profile/gsb-behat-tests/vendor/symfony/dependency-injection/Symfony/Component/DependencyInjection/ContainerBuilder.php:1007
[03-Apr-2015 16:54:11 America/Los_Angeles] PHP  35. Symfony\Component\DependencyInjection\ContainerBuilder->resolveServices() /Users/adanmas/projects/gsb/gsb_public_profile/gsb-behat-tests/vendor/symfony/dependency-injection/Symfony/Component/DependencyInjection/ContainerBuilder.php:1007
[03-Apr-2015 16:54:11 America/Los_Angeles] PHP  36. Symfony\Component\DependencyInjection\ContainerBuilder->createService() /Users/adanmas/projects/gsb/gsb_public_profile/gsb-behat-tests/vendor/symfony/dependency-injection/Symfony/Component/DependencyInjection/ContainerBuilder.php:1011
[03-Apr-2015 16:54:11 America/Los_Angeles] PHP  37. Symfony\Component\DependencyInjection\ContainerBuilder->resolveServices() /Users/adanmas/projects/gsb/gsb_public_profile/gsb-behat-tests/vendor/symfony/dependency-injection/Symfony/Component/DependencyInjection/ContainerBuilder.php:941
[03-Apr-2015 16:54:11 America/Los_Angeles] PHP  38. array_map() /Users/adanmas/projects/gsb/gsb_public_profile/gsb-behat-tests/vendor/symfony/dependency-injection/Symfony/Component/DependencyInjection/ContainerBuilder.php:1007
[03-Apr-2015 16:54:11 America/Los_Angeles] PHP  39. Symfony\Component\DependencyInjection\ContainerBuilder->resolveServices() /Users/adanmas/projects/gsb/gsb_public_profile/gsb-behat-tests/vendor/symfony/dependency-injection/Symfony/Component/DependencyInjection/ContainerBuilder.php:1007
[03-Apr-2015 16:54:11 America/Los_Angeles] PHP  40. Symfony\Component\DependencyInjection\ContainerBuilder->get() /Users/adanmas/projects/gsb/gsb_public_profile/gsb-behat-tests/vendor/symfony/dependency-injection/Symfony/Component/DependencyInjection/ContainerBuilder.php:1009
[03-Apr-2015 16:54:11 America/Los_Angeles] PHP  41. Symfony\Component\DependencyInjection\ContainerBuilder->createService() /Users/adanmas/projects/gsb/gsb_public_profile/gsb-behat-tests/vendor/symfony/dependency-injection/Symfony/Component/DependencyInjection/ContainerBuilder.php:490
[03-Apr-2015 16:54:11 America/Los_Angeles] PHP  42. Symfony\Component\DependencyInjection\ContainerBuilder->resolveServices() /Users/adanmas/projects/gsb/gsb_public_profile/gsb-behat-tests/vendor/symfony/dependency-injection/Symfony/Component/DependencyInjection/ContainerBuilder.php:941
[03-Apr-2015 16:54:11 America/Los_Angeles] PHP  43. array_map() /Users/adanmas/projects/gsb/gsb_public_profile/gsb-behat-tests/vendor/symfony/dependency-injection/Symfony/Component/DependencyInjection/ContainerBuilder.php:1007
[03-Apr-2015 16:54:11 America/Los_Angeles] PHP  44. Symfony\Component\DependencyInjection\ContainerBuilder->resolveServices() /Users/adanmas/projects/gsb/gsb_public_profile/gsb-behat-tests/vendor/symfony/dependency-injection/Symfony/Component/DependencyInjection/ContainerBuilder.php:1007
[03-Apr-2015 16:54:11 America/Los_Angeles] PHP  45. Symfony\Component\DependencyInjection\ContainerBuilder->get() /Users/adanmas/projects/gsb/gsb_public_profile/gsb-behat-tests/vendor/symfony/dependency-injection/Symfony/Component/DependencyInjection/ContainerBuilder.php:1009
[03-Apr-2015 16:54:11 America/Los_Angeles] PHP  46. Symfony\Component\DependencyInjection\ContainerBuilder->createService() /Users/adanmas/projects/gsb/gsb_public_profile/gsb-behat-tests/vendor/symfony/dependency-injection/Symfony/Component/DependencyInjection/ContainerBuilder.php:490
[03-Apr-2015 16:54:11 America/Los_Angeles] PHP  47. Symfony\Component\DependencyInjection\ContainerBuilder->resolveServices() /Users/adanmas/projects/gsb/gsb_public_profile/gsb-behat-tests/vendor/symfony/dependency-injection/Symfony/Component/DependencyInjection/ContainerBuilder.php:941
[03-Apr-2015 16:54:11 America/Los_Angeles] PHP  48. array_map() /Users/adanmas/projects/gsb/gsb_public_profile/gsb-behat-tests/vendor/symfony/dependency-injection/Symfony/Component/DependencyInjection/ContainerBuilder.php:1007
[03-Apr-2015 16:54:11 America/Los_Angeles] PHP  49. Symfony\Component\DependencyInjection\ContainerBuilder->resolveServices() /Users/adanmas/projects/gsb/gsb_public_profile/gsb-behat-tests/vendor/symfony/dependency-injection/Symfony/Component/DependencyInjection/ContainerBuilder.php:1007
[03-Apr-2015 16:54:11 America/Los_Angeles] PHP  50. Symfony\Component\DependencyInjection\ContainerBuilder->createService() /Users/adanmas/projects/gsb/gsb_public_profile/gsb-behat-tests/vendor/symfony/dependency-injection/Symfony/Component/DependencyInjection/ContainerBuilder.php:1011
[03-Apr-2015 16:54:11 America/Los_Angeles] PHP  51. Symfony\Component\DependencyInjection\ContainerBuilder->resolveServices() /Users/adanmas/projects/gsb/gsb_public_profile/gsb-behat-tests/vendor/symfony/dependency-injection/Symfony/Component/DependencyInjection/ContainerBuilder.php:941
[03-Apr-2015 16:54:11 America/Los_Angeles] PHP  52. array_map() /Users/adanmas/projects/gsb/gsb_public_profile/gsb-behat-tests/vendor/symfony/dependency-injection/Symfony/Component/DependencyInjection/ContainerBuilder.php:1007
[03-Apr-2015 16:54:11 America/Los_Angeles] PHP  53. Symfony\Component\DependencyInjection\ContainerBuilder->resolveServices() /Users/adanmas/projects/gsb/gsb_public_profile/gsb-behat-tests/vendor/symfony/dependency-injection/Symfony/Component/DependencyInjection/ContainerBuilder.php:1007
[03-Apr-2015 16:54:11 America/Los_Angeles] PHP  54. Symfony\Component\DependencyInjection\ContainerBuilder->get() /Users/adanmas/projects/gsb/gsb_public_profile/gsb-behat-tests/vendor/symfony/dependency-injection/Symfony/Component/DependencyInjection/ContainerBuilder.php:1009
[03-Apr-2015 16:54:11 America/Los_Angeles] PHP  55. Symfony\Component\DependencyInjection\ContainerBuilder->createService() /Users/adanmas/projects/gsb/gsb_public_profile/gsb-behat-tests/vendor/symfony/dependency-injection/Symfony/Component/DependencyInjection/ContainerBuilder.php:490
[03-Apr-2015 16:54:11 America/Los_Angeles] PHP  56. Symfony\Component\DependencyInjection\ContainerBuilder->resolveServices() /Users/adanmas/projects/gsb/gsb_public_profile/gsb-behat-tests/vendor/symfony/dependency-injection/Symfony/Component/DependencyInjection/ContainerBuilder.php:941
[03-Apr-2015 16:54:11 America/Los_Angeles] PHP  57. array_map() /Users/adanmas/projects/gsb/gsb_public_profile/gsb-behat-tests/vendor/symfony/dependency-injection/Symfony/Component/DependencyInjection/ContainerBuilder.php:1007
[03-Apr-2015 16:54:11 America/Los_Angeles] PHP  58. Symfony\Component\DependencyInjection\ContainerBuilder->resolveServices() /Users/adanmas/projects/gsb/gsb_public_profile/gsb-behat-tests/vendor/symfony/dependency-injection/Symfony/Component/DependencyInjection/ContainerBuilder.php:1007
[03-Apr-2015 16:54:11 America/Los_Angeles] PHP  59. Symfony\Component\DependencyInjection\ContainerBuilder->get() /Users/adanmas/projects/gsb/gsb_public_profile/gsb-behat-tests/vendor/symfony/dependency-injection/Symfony/Component/DependencyInjection/ContainerBuilder.php:1009
[03-Apr-2015 16:54:11 America/Los_Angeles] PHP  60. Symfony\Component\DependencyInjection\ContainerBuilder->createService() /Users/adanmas/projects/gsb/gsb_public_profile/gsb-behat-tests/vendor/symfony/dependency-injection/Symfony/Component/DependencyInjection/ContainerBuilder.php:490
[03-Apr-2015 16:54:11 America/Los_Angeles] PHP  61. Symfony\Component\DependencyInjection\ContainerBuilder->resolveServices() /Users/adanmas/projects/gsb/gsb_public_profile/gsb-behat-tests/vendor/symfony/dependency-injection/Symfony/Component/DependencyInjection/ContainerBuilder.php:941
[03-Apr-2015 16:54:11 America/Los_Angeles] PHP  62. array_map() /Users/adanmas/projects/gsb/gsb_public_profile/gsb-behat-tests/vendor/symfony/dependency-injection/Symfony/Component/DependencyInjection/ContainerBuilder.php:1007
[03-Apr-2015 16:54:11 America/Los_Angeles] PHP  63. Symfony\Component\DependencyInjection\ContainerBuilder->resolveServices() /Users/adanmas/projects/gsb/gsb_public_profile/gsb-behat-tests/vendor/symfony/dependency-injection/Symfony/Component/DependencyInjection/ContainerBuilder.php:1007
[03-Apr-2015 16:54:11 America/Los_Angeles] PHP  64. Symfony\Component\DependencyInjection\ContainerBuilder->createService() /Users/adanmas/projects/gsb/gsb_public_profile/gsb-behat-tests/vendor/symfony/dependency-injection/Symfony/Component/DependencyInjection/ContainerBuilder.php:1011
[03-Apr-2015 16:54:11 America/Los_Angeles] PHP  65. Symfony\Component\DependencyInjection\ContainerBuilder->resolveServices() /Users/adanmas/projects/gsb/gsb_public_profile/gsb-behat-tests/vendor/symfony/dependency-injection/Symfony/Component/DependencyInjection/ContainerBuilder.php:941
[03-Apr-2015 16:54:11 America/Los_Angeles] PHP  66. array_map() /Users/adanmas/projects/gsb/gsb_public_profile/gsb-behat-tests/vendor/symfony/dependency-injection/Symfony/Component/DependencyInjection/ContainerBuilder.php:1007
[03-Apr-2015 16:54:11 America/Los_Angeles] PHP  67. Symfony\Component\DependencyInjection\ContainerBuilder->resolveServices() /Users/adanmas/projects/gsb/gsb_public_profile/gsb-behat-tests/vendor/symfony/dependency-injection/Symfony/Component/DependencyInjection/ContainerBuilder.php:1007
[03-Apr-2015 16:54:11 America/Los_Angeles] PHP  68. Symfony\Component\DependencyInjection\ContainerBuilder->get() /Users/adanmas/projects/gsb/gsb_public_profile/gsb-behat-tests/vendor/symfony/dependency-injection/Symfony/Component/DependencyInjection/ContainerBuilder.php:1009
[03-Apr-2015 16:54:11 America/Los_Angeles] PHP  69. Symfony\Component\DependencyInjection\ContainerBuilder->createService() /Users/adanmas/projects/gsb/gsb_public_profile/gsb-behat-tests/vendor/symfony/dependency-injection/Symfony/Component/DependencyInjection/ContainerBuilder.php:490
[03-Apr-2015 16:54:11 America/Los_Angeles] PHP  70. Symfony\Component\DependencyInjection\ContainerBuilder->resolveServices() /Users/adanmas/projects/gsb/gsb_public_profile/gsb-behat-tests/vendor/symfony/dependency-injection/Symfony/Component/DependencyInjection/ContainerBuilder.php:941
[03-Apr-2015 16:54:11 America/Los_Angeles] PHP  71. array_map() /Users/adanmas/projects/gsb/gsb_public_profile/gsb-behat-tests/vendor/symfony/dependency-injection/Symfony/Component/DependencyInjection/ContainerBuilder.php:1007
[03-Apr-2015 16:54:11 America/Los_Angeles] PHP  72. Symfony\Component\DependencyInjection\ContainerBuilder->resolveServices() /Users/adanmas/projects/gsb/gsb_public_profile/gsb-behat-tests/vendor/symfony/dependency-injection/Symfony/Component/DependencyInjection/ContainerBuilder.php:1007
[03-Apr-2015 16:54:11 America/Los_Angeles] PHP  73. Symfony\Component\DependencyInjection\ContainerBuilder->get() /Users/adanmas/projects/gsb/gsb_public_profile/gsb-behat-tests/vendor/symfony/dependency-injection/Symfony/Component/DependencyInjection/ContainerBuilder.php:1009
[03-Apr-2015 16:54:11 America/Los_Angeles] PHP  74. Symfony\Component\DependencyInjection\ContainerBuilder->createService() /Users/adanmas/projects/gsb/gsb_public_profile/gsb-behat-tests/vendor/symfony/dependency-injection/Symfony/Component/DependencyInjection/ContainerBuilder.php:490
[03-Apr-2015 16:54:11 America/Los_Angeles] PHP  75. Symfony\Component\DependencyInjection\ContainerBuilder->resolveServices() /Users/adanmas/projects/gsb/gsb_public_profile/gsb-behat-tests/vendor/symfony/dependency-injection/Symfony/Component/DependencyInjection/ContainerBuilder.php:941
[03-Apr-2015 16:54:11 America/Los_Angeles] PHP  76. array_map() /Users/adanmas/projects/gsb/gsb_public_profile/gsb-behat-tests/vendor/symfony/dependency-injection/Symfony/Component/DependencyInjection/ContainerBuilder.php:1007
[03-Apr-2015 16:54:11 America/Los_Angeles] PHP  77. Symfony\Component\DependencyInjection\ContainerBuilder->resolveServices() /Users/adanmas/projects/gsb/gsb_public_profile/gsb-behat-tests/vendor/symfony/dependency-injection/Symfony/Component/DependencyInjection/ContainerBuilder.php:1007
[03-Apr-2015 16:54:11 America/Los_Angeles] PHP  78. Symfony\Component\DependencyInjection\ContainerBuilder->get() /Users/adanmas/projects/gsb/gsb_public_profile/gsb-behat-tests/vendor/symfony/dependency-injection/Symfony/Component/DependencyInjection/ContainerBuilder.php:1009
[03-Apr-2015 16:54:11 America/Los_Angeles] PHP  79. Symfony\Component\DependencyInjection\ContainerBuilder->createService() /Users/adanmas/projects/gsb/gsb_public_profile/gsb-behat-tests/vendor/symfony/dependency-injection/Symfony/Component/DependencyInjection/ContainerBuilder.php:490
[03-Apr-2015 16:54:11 America/Los_Angeles] PHP  80. Symfony\Component\DependencyInjection\ContainerBuilder->resolveServices() /Users/adanmas/projects/gsb/gsb_public_profile/gsb-behat-tests/vendor/symfony/dependency-injection/Symfony/Component/DependencyInjection/ContainerBuilder.php:941
[03-Apr-2015 16:54:11 America/Los_Angeles] PHP  81. array_map() /Users/adanmas/projects/gsb/gsb_public_profile/gsb-behat-tests/vendor/symfony/dependency-injection/Symfony/Component/DependencyInjection/ContainerBuilder.php:1007
[03-Apr-2015 16:54:11 America/Los_Angeles] PHP  82. Symfony\Component\DependencyInjection\ContainerBuilder->resolveServices() /Users/adanmas/projects/gsb/gsb_public_profile/gsb-behat-tests/vendor/symfony/dependency-injection/Symfony/Component/DependencyInjection/ContainerBuilder.php:1007
[03-Apr-2015 16:54:11 America/Los_Angeles] PHP  83. Symfony\Component\DependencyInjection\ContainerBuilder->createService() /Users/adanmas/projects/gsb/gsb_public_profile/gsb-behat-tests/vendor/symfony/dependency-injection/Symfony/Component/DependencyInjection/ContainerBuilder.php:1011
[03-Apr-2015 16:54:11 America/Los_Angeles] PHP  84. Symfony\Component\DependencyInjection\ContainerBuilder->resolveServices() /Users/adanmas/projects/gsb/gsb_public_profile/gsb-behat-tests/vendor/symfony/dependency-injection/Symfony/Component/DependencyInjection/ContainerBuilder.php:941
[03-Apr-2015 16:54:11 America/Los_Angeles] PHP  85. array_map() /Users/adanmas/projects/gsb/gsb_public_profile/gsb-behat-tests/vendor/symfony/dependency-injection/Symfony/Component/DependencyInjection/ContainerBuilder.php:1007
[03-Apr-2015 16:54:11 America/Los_Angeles] PHP  86. Symfony\Component\DependencyInjection\ContainerBuilder->resolveServices() /Users/adanmas/projects/gsb/gsb_public_profile/gsb-behat-tests/vendor/symfony/dependency-injection/Symfony/Component/DependencyInjection/ContainerBuilder.php:1007
[03-Apr-2015 16:54:11 America/Los_Angeles] PHP  87. Symfony\Component\DependencyInjection\ContainerBuilder->get() /Users/adanmas/projects/gsb/gsb_public_profile/gsb-behat-tests/vendor/symfony/dependency-injection/Symfony/Component/DependencyInjection/ContainerBuilder.php:1009
[03-Apr-2015 16:54:11 America/Los_Angeles] PHP  88. Symfony\Component\DependencyInjection\ContainerBuilder->createService() /Users/adanmas/projects/gsb/gsb_public_profile/gsb-behat-tests/vendor/symfony/dependency-injection/Symfony/Component/DependencyInjection/ContainerBuilder.php:490
[03-Apr-2015 16:54:11 America/Los_Angeles] PHP  89. Symfony\Component\DependencyInjection\ContainerBuilder->callMethod() /Users/adanmas/projects/gsb/gsb_public_profile/gsb-behat-tests/vendor/symfony/dependency-injection/Symfony/Component/DependencyInjection/ContainerBuilder.php:973
[03-Apr-2015 16:54:11 America/Los_Angeles] PHP  90. Symfony\Component\DependencyInjection\ContainerBuilder->resolveServices() /Users/adanmas/projects/gsb/gsb_public_profile/gsb-behat-tests/vendor/symfony/dependency-injection/Symfony/Component/DependencyInjection/ContainerBuilder.php:1151
[03-Apr-2015 16:54:11 America/Los_Angeles] PHP  91. array_map() /Users/adanmas/projects/gsb/gsb_public_profile/gsb-behat-tests/vendor/symfony/dependency-injection/Symfony/Component/DependencyInjection/ContainerBuilder.php:1007
[03-Apr-2015 16:54:11 America/Los_Angeles] PHP  92. Symfony\Component\DependencyInjection\ContainerBuilder->resolveServices() /Users/adanmas/projects/gsb/gsb_public_profile/gsb-behat-tests/vendor/symfony/dependency-injection/Symfony/Component/DependencyInjection/ContainerBuilder.php:1007
[03-Apr-2015 16:54:11 America/Los_Angeles] PHP  93. Symfony\Component\DependencyInjection\ContainerBuilder->get() /Users/adanmas/projects/gsb/gsb_public_profile/gsb-behat-tests/vendor/symfony/dependency-injection/Symfony/Component/DependencyInjection/ContainerBuilder.php:1009
[03-Apr-2015 16:54:11 America/Los_Angeles] PHP  94. Symfony\Component\DependencyInjection\ContainerBuilder->createService() /Users/adanmas/projects/gsb/gsb_public_profile/gsb-behat-tests/vendor/symfony/dependency-injection/Symfony/Component/DependencyInjection/ContainerBuilder.php:490
[03-Apr-2015 16:54:11 America/Los_Angeles] PHP  95. Symfony\Component\DependencyInjection\ContainerBuilder->resolveServices() /Users/adanmas/projects/gsb/gsb_public_profile/gsb-behat-tests/vendor/symfony/dependency-injection/Symfony/Component/DependencyInjection/ContainerBuilder.php:941
[03-Apr-2015 16:54:11 America/Los_Angeles] PHP  96. array_map() /Users/adanmas/projects/gsb/gsb_public_profile/gsb-behat-tests/vendor/symfony/dependency-injection/Symfony/Component/DependencyInjection/ContainerBuilder.php:1007
[03-Apr-2015 16:54:11 America/Los_Angeles] PHP  97. Symfony\Component\DependencyInjection\ContainerBuilder->resolveServices() /Users/adanmas/projects/gsb/gsb_public_profile/gsb-behat-tests/vendor/symfony/dependency-injection/Symfony/Component/DependencyInjection/ContainerBuilder.php:1007
[03-Apr-2015 16:54:11 America/Los_Angeles] PHP  98. Symfony\Component\DependencyInjection\ContainerBuilder->get() /Users/adanmas/projects/gsb/gsb_public_profile/gsb-behat-tests/vendor/symfony/dependency-injection/Symfony/Component/DependencyInjection/ContainerBuilder.php:1009
[03-Apr-2015 16:54:11 America/Los_Angeles] PHP  99. Symfony\Component\DependencyInjection\Container->get() /Users/adanmas/projects/gsb/gsb_public_profile/gsb-behat-tests/vendor/symfony/dependency-injection/Symfony/Component/DependencyInjection/ContainerBuilder.php:469
[03-Apr-2015 16:54:33 America/Los_Angeles] PHP Fatal error:  Maximum function nesting level of '100' reached, aborting! in /Users/adanmas/projects/gsb/gsb_public_profile/gsb-behat-tests/vendor/symfony/dependency-injection/Symfony/Component/DependencyInjection/Container.php on line 290
[03-Apr-2015 16:54:33 America/Los_Angeles] PHP Stack trace:
[03-Apr-2015 16:54:33 America/Los_Angeles] PHP   1. {main}() /Users/adanmas/projects/gsb/gsb_public_profile/gsb-behat-tests/vendor/behat/behat/bin/behat:0
[03-Apr-2015 16:54:33 America/Los_Angeles] PHP   2. Symfony\Component\Console\Application->run() /Users/adanmas/projects/gsb/gsb_public_profile/gsb-behat-tests/vendor/behat/behat/bin/behat:31
[03-Apr-2015 16:54:33 America/Los_Angeles] PHP   3. Behat\Testwork\Cli\Application->doRun() /Users/adanmas/projects/gsb/gsb_public_profile/gsb-behat-tests/vendor/symfony/console/Symfony/Component/Console/Application.php:126
[03-Apr-2015 16:54:33 America/Los_Angeles] PHP   4. Behat\Testwork\Cli\Application->createCommand() /Users/adanmas/projects/gsb/gsb_public_profile/gsb-behat-tests/vendor/behat/behat/src/Behat/Testwork/Cli/Application.php:96
[03-Apr-2015 16:54:33 America/Los_Angeles] PHP   5. Symfony\Component\DependencyInjection\ContainerBuilder->get() /Users/adanmas/projects/gsb/gsb_public_profile/gsb-behat-tests/vendor/behat/behat/src/Behat/Testwork/Cli/Application.php:138
[03-Apr-2015 16:54:33 America/Los_Angeles] PHP   6. Symfony\Component\DependencyInjection\ContainerBuilder->createService() /Users/adanmas/projects/gsb/gsb_public_profile/gsb-behat-tests/vendor/symfony/dependency-injection/Symfony/Component/DependencyInjection/ContainerBuilder.php:490
[03-Apr-2015 16:54:33 America/Los_Angeles] PHP   7. Symfony\Component\DependencyInjection\ContainerBuilder->resolveServices() /Users/adanmas/projects/gsb/gsb_public_profile/gsb-behat-tests/vendor/symfony/dependency-injection/Symfony/Component/DependencyInjection/ContainerBuilder.php:941
[03-Apr-2015 16:54:33 America/Los_Angeles] PHP   8. array_map() /Users/adanmas/projects/gsb/gsb_public_profile/gsb-behat-tests/vendor/symfony/dependency-injection/Symfony/Component/DependencyInjection/ContainerBuilder.php:1007
[03-Apr-2015 16:54:33 America/Los_Angeles] PHP   9. Symfony\Component\DependencyInjection\ContainerBuilder->resolveServices() /Users/adanmas/projects/gsb/gsb_public_profile/gsb-behat-tests/vendor/symfony/dependency-injection/Symfony/Component/DependencyInjection/ContainerBuilder.php:1007
[03-Apr-2015 16:54:33 America/Los_Angeles] PHP  10. array_map() /Users/adanmas/projects/gsb/gsb_public_profile/gsb-behat-tests/vendor/symfony/dependency-injection/Symfony/Component/DependencyInjection/ContainerBuilder.php:1007
[03-Apr-2015 16:54:33 America/Los_Angeles] PHP  11. Symfony\Component\DependencyInjection\ContainerBuilder->resolveServices() /Users/adanmas/projects/gsb/gsb_public_profile/gsb-behat-tests/vendor/symfony/dependency-injection/Symfony/Component/DependencyInjection/ContainerBuilder.php:1007
[03-Apr-2015 16:54:33 America/Los_Angeles] PHP  12. Symfony\Component\DependencyInjection\ContainerBuilder->get() /Users/adanmas/projects/gsb/gsb_public_profile/gsb-behat-tests/vendor/symfony/dependency-injection/Symfony/Component/DependencyInjection/ContainerBuilder.php:1009
[03-Apr-2015 16:54:33 America/Los_Angeles] PHP  13. Symfony\Component\DependencyInjection\ContainerBuilder->createService() /Users/adanmas/projects/gsb/gsb_public_profile/gsb-behat-tests/vendor/symfony/dependency-injection/Symfony/Component/DependencyInjection/ContainerBuilder.php:490
[03-Apr-2015 16:54:33 America/Los_Angeles] PHP  14. Symfony\Component\DependencyInjection\ContainerBuilder->resolveServices() /Users/adanmas/projects/gsb/gsb_public_profile/gsb-behat-tests/vendor/symfony/dependency-injection/Symfony/Component/DependencyInjection/ContainerBuilder.php:941
[03-Apr-2015 16:54:33 America/Los_Angeles] PHP  15. array_map() /Users/adanmas/projects/gsb/gsb_public_profile/gsb-behat-tests/vendor/symfony/dependency-injection/Symfony/Component/DependencyInjection/ContainerBuilder.php:1007
[03-Apr-2015 16:54:33 America/Los_Angeles] PHP  16. Symfony\Component\DependencyInjection\ContainerBuilder->resolveServices() /Users/adanmas/projects/gsb/gsb_public_profile/gsb-behat-tests/vendor/symfony/dependency-injection/Symfony/Component/DependencyInjection/ContainerBuilder.php:1007
[03-Apr-2015 16:54:33 America/Los_Angeles] PHP  17. Symfony\Component\DependencyInjection\ContainerBuilder->get() /Users/adanmas/projects/gsb/gsb_public_profile/gsb-behat-tests/vendor/symfony/dependency-injection/Symfony/Component/DependencyInjection/ContainerBuilder.php:1009
[03-Apr-2015 16:54:33 America/Los_Angeles] PHP  18. Symfony\Component\DependencyInjection\ContainerBuilder->createService() /Users/adanmas/projects/gsb/gsb_public_profile/gsb-behat-tests/vendor/symfony/dependency-injection/Symfony/Component/DependencyInjection/ContainerBuilder.php:490
[03-Apr-2015 16:54:33 America/Los_Angeles] PHP  19. Symfony\Component\DependencyInjection\ContainerBuilder->resolveServices() /Users/adanmas/projects/gsb/gsb_public_profile/gsb-behat-tests/vendor/symfony/dependency-injection/Symfony/Component/DependencyInjection/ContainerBuilder.php:941
[03-Apr-2015 16:54:33 America/Los_Angeles] PHP  20. array_map() /Users/adanmas/projects/gsb/gsb_public_profile/gsb-behat-tests/vendor/symfony/dependency-injection/Symfony/Component/DependencyInjection/ContainerBuilder.php:1007
[03-Apr-2015 16:54:33 America/Los_Angeles] PHP  21. Symfony\Component\DependencyInjection\ContainerBuilder->resolveServices() /Users/adanmas/projects/gsb/gsb_public_profile/gsb-behat-tests/vendor/symfony/dependency-injection/Symfony/Component/DependencyInjection/ContainerBuilder.php:1007
[03-Apr-2015 16:54:33 America/Los_Angeles] PHP  22. Symfony\Component\DependencyInjection\ContainerBuilder->createService() /Users/adanmas/projects/gsb/gsb_public_profile/gsb-behat-tests/vendor/symfony/dependency-injection/Symfony/Component/DependencyInjection/ContainerBuilder.php:1011
[03-Apr-2015 16:54:33 America/Los_Angeles] PHP  23. Symfony\Component\DependencyInjection\ContainerBuilder->resolveServices() /Users/adanmas/projects/gsb/gsb_public_profile/gsb-behat-tests/vendor/symfony/dependency-injection/Symfony/Component/DependencyInjection/ContainerBuilder.php:941
[03-Apr-2015 16:54:33 America/Los_Angeles] PHP  24. array_map() /Users/adanmas/projects/gsb/gsb_public_profile/gsb-behat-tests/vendor/symfony/dependency-injection/Symfony/Component/DependencyInjection/ContainerBuilder.php:1007
[03-Apr-2015 16:54:33 America/Los_Angeles] PHP  25. Symfony\Component\DependencyInjection\ContainerBuilder->resolveServices() /Users/adanmas/projects/gsb/gsb_public_profile/gsb-behat-tests/vendor/symfony/dependency-injection/Symfony/Component/DependencyInjection/ContainerBuilder.php:1007
[03-Apr-2015 16:54:33 America/Los_Angeles] PHP  26. Symfony\Component\DependencyInjection\ContainerBuilder->get() /Users/adanmas/projects/gsb/gsb_public_profile/gsb-behat-tests/vendor/symfony/dependency-injection/Symfony/Component/DependencyInjection/ContainerBuilder.php:1009
[03-Apr-2015 16:54:33 America/Los_Angeles] PHP  27. Symfony\Component\DependencyInjection\ContainerBuilder->createService() /Users/adanmas/projects/gsb/gsb_public_profile/gsb-behat-tests/vendor/symfony/dependency-injection/Symfony/Component/DependencyInjection/ContainerBuilder.php:490
[03-Apr-2015 16:54:33 America/Los_Angeles] PHP  28. Symfony\Component\DependencyInjection\ContainerBuilder->resolveServices() /Users/adanmas/projects/gsb/gsb_public_profile/gsb-behat-tests/vendor/symfony/dependency-injection/Symfony/Component/DependencyInjection/ContainerBuilder.php:941
[03-Apr-2015 16:54:33 America/Los_Angeles] PHP  29. array_map() /Users/adanmas/projects/gsb/gsb_public_profile/gsb-behat-tests/vendor/symfony/dependency-injection/Symfony/Component/DependencyInjection/ContainerBuilder.php:1007
[03-Apr-2015 16:54:33 America/Los_Angeles] PHP  30. Symfony\Component\DependencyInjection\ContainerBuilder->resolveServices() /Users/adanmas/projects/gsb/gsb_public_profile/gsb-behat-tests/vendor/symfony/dependency-injection/Symfony/Component/DependencyInjection/ContainerBuilder.php:1007
[03-Apr-2015 16:54:33 America/Los_Angeles] PHP  31. Symfony\Component\DependencyInjection\ContainerBuilder->get() /Users/adanmas/projects/gsb/gsb_public_profile/gsb-behat-tests/vendor/symfony/dependency-injection/Symfony/Component/DependencyInjection/ContainerBuilder.php:1009
[03-Apr-2015 16:54:33 America/Los_Angeles] PHP  32. Symfony\Component\DependencyInjection\ContainerBuilder->createService() /Users/adanmas/projects/gsb/gsb_public_profile/gsb-behat-tests/vendor/symfony/dependency-injection/Symfony/Component/DependencyInjection/ContainerBuilder.php:490
[03-Apr-2015 16:54:33 America/Los_Angeles] PHP  33. Symfony\Component\DependencyInjection\ContainerBuilder->resolveServices() /Users/adanmas/projects/gsb/gsb_public_profile/gsb-behat-tests/vendor/symfony/dependency-injection/Symfony/Component/DependencyInjection/ContainerBuilder.php:941
[03-Apr-2015 16:54:33 America/Los_Angeles] PHP  34. array_map() /Users/adanmas/projects/gsb/gsb_public_profile/gsb-behat-tests/vendor/symfony/dependency-injection/Symfony/Component/DependencyInjection/ContainerBuilder.php:1007
[03-Apr-2015 16:54:33 America/Los_Angeles] PHP  35. Symfony\Component\DependencyInjection\ContainerBuilder->resolveServices() /Users/adanmas/projects/gsb/gsb_public_profile/gsb-behat-tests/vendor/symfony/dependency-injection/Symfony/Component/DependencyInjection/ContainerBuilder.php:1007
[03-Apr-2015 16:54:33 America/Los_Angeles] PHP  36. Symfony\Component\DependencyInjection\ContainerBuilder->createService() /Users/adanmas/projects/gsb/gsb_public_profile/gsb-behat-tests/vendor/symfony/dependency-injection/Symfony/Component/DependencyInjection/ContainerBuilder.php:1011
[03-Apr-2015 16:54:33 America/Los_Angeles] PHP  37. Symfony\Component\DependencyInjection\ContainerBuilder->resolveServices() /Users/adanmas/projects/gsb/gsb_public_profile/gsb-behat-tests/vendor/symfony/dependency-injection/Symfony/Component/DependencyInjection/ContainerBuilder.php:941
[03-Apr-2015 16:54:33 America/Los_Angeles] PHP  38. array_map() /Users/adanmas/projects/gsb/gsb_public_profile/gsb-behat-tests/vendor/symfony/dependency-injection/Symfony/Component/DependencyInjection/ContainerBuilder.php:1007
[03-Apr-2015 16:54:33 America/Los_Angeles] PHP  39. Symfony\Component\DependencyInjection\ContainerBuilder->resolveServices() /Users/adanmas/projects/gsb/gsb_public_profile/gsb-behat-tests/vendor/symfony/dependency-injection/Symfony/Component/DependencyInjection/ContainerBuilder.php:1007
[03-Apr-2015 16:54:33 America/Los_Angeles] PHP  40. Symfony\Component\DependencyInjection\ContainerBuilder->get() /Users/adanmas/projects/gsb/gsb_public_profile/gsb-behat-tests/vendor/symfony/dependency-injection/Symfony/Component/DependencyInjection/ContainerBuilder.php:1009
[03-Apr-2015 16:54:33 America/Los_Angeles] PHP  41. Symfony\Component\DependencyInjection\ContainerBuilder->createService() /Users/adanmas/projects/gsb/gsb_public_profile/gsb-behat-tests/vendor/symfony/dependency-injection/Symfony/Component/DependencyInjection/ContainerBuilder.php:490
[03-Apr-2015 16:54:33 America/Los_Angeles] PHP  42. Symfony\Component\DependencyInjection\ContainerBuilder->resolveServices() /Users/adanmas/projects/gsb/gsb_public_profile/gsb-behat-tests/vendor/symfony/dependency-injection/Symfony/Component/DependencyInjection/ContainerBuilder.php:941
[03-Apr-2015 16:54:33 America/Los_Angeles] PHP  43. array_map() /Users/adanmas/projects/gsb/gsb_public_profile/gsb-behat-tests/vendor/symfony/dependency-injection/Symfony/Component/DependencyInjection/ContainerBuilder.php:1007
[03-Apr-2015 16:54:33 America/Los_Angeles] PHP  44. Symfony\Component\DependencyInjection\ContainerBuilder->resolveServices() /Users/adanmas/projects/gsb/gsb_public_profile/gsb-behat-tests/vendor/symfony/dependency-injection/Symfony/Component/DependencyInjection/ContainerBuilder.php:1007
[03-Apr-2015 16:54:33 America/Los_Angeles] PHP  45. Symfony\Component\DependencyInjection\ContainerBuilder->get() /Users/adanmas/projects/gsb/gsb_public_profile/gsb-behat-tests/vendor/symfony/dependency-injection/Symfony/Component/DependencyInjection/ContainerBuilder.php:1009
[03-Apr-2015 16:54:33 America/Los_Angeles] PHP  46. Symfony\Component\DependencyInjection\ContainerBuilder->createService() /Users/adanmas/projects/gsb/gsb_public_profile/gsb-behat-tests/vendor/symfony/dependency-injection/Symfony/Component/DependencyInjection/ContainerBuilder.php:490
[03-Apr-2015 16:54:33 America/Los_Angeles] PHP  47. Symfony\Component\DependencyInjection\ContainerBuilder->resolveServices() /Users/adanmas/projects/gsb/gsb_public_profile/gsb-behat-tests/vendor/symfony/dependency-injection/Symfony/Component/DependencyInjection/ContainerBuilder.php:941
[03-Apr-2015 16:54:33 America/Los_Angeles] PHP  48. array_map() /Users/adanmas/projects/gsb/gsb_public_profile/gsb-behat-tests/vendor/symfony/dependency-injection/Symfony/Component/DependencyInjection/ContainerBuilder.php:1007
[03-Apr-2015 16:54:33 America/Los_Angeles] PHP  49. Symfony\Component\DependencyInjection\ContainerBuilder->resolveServices() /Users/adanmas/projects/gsb/gsb_public_profile/gsb-behat-tests/vendor/symfony/dependency-injection/Symfony/Component/DependencyInjection/ContainerBuilder.php:1007
[03-Apr-2015 16:54:33 America/Los_Angeles] PHP  50. Symfony\Component\DependencyInjection\ContainerBuilder->createService() /Users/adanmas/projects/gsb/gsb_public_profile/gsb-behat-tests/vendor/symfony/dependency-injection/Symfony/Component/DependencyInjection/ContainerBuilder.php:1011
[03-Apr-2015 16:54:33 America/Los_Angeles] PHP  51. Symfony\Component\DependencyInjection\ContainerBuilder->resolveServices() /Users/adanmas/projects/gsb/gsb_public_profile/gsb-behat-tests/vendor/symfony/dependency-injection/Symfony/Component/DependencyInjection/ContainerBuilder.php:941
[03-Apr-2015 16:54:33 America/Los_Angeles] PHP  52. array_map() /Users/adanmas/projects/gsb/gsb_public_profile/gsb-behat-tests/vendor/symfony/dependency-injection/Symfony/Component/DependencyInjection/ContainerBuilder.php:1007
[03-Apr-2015 16:54:33 America/Los_Angeles] PHP  53. Symfony\Component\DependencyInjection\ContainerBuilder->resolveServices() /Users/adanmas/projects/gsb/gsb_public_profile/gsb-behat-tests/vendor/symfony/dependency-injection/Symfony/Component/DependencyInjection/ContainerBuilder.php:1007
[03-Apr-2015 16:54:33 America/Los_Angeles] PHP  54. Symfony\Component\DependencyInjection\ContainerBuilder->get() /Users/adanmas/projects/gsb/gsb_public_profile/gsb-behat-tests/vendor/symfony/dependency-injection/Symfony/Component/DependencyInjection/ContainerBuilder.php:1009
[03-Apr-2015 16:54:33 America/Los_Angeles] PHP  55. Symfony\Component\DependencyInjection\ContainerBuilder->createService() /Users/adanmas/projects/gsb/gsb_public_profile/gsb-behat-tests/vendor/symfony/dependency-injection/Symfony/Component/DependencyInjection/ContainerBuilder.php:490
[03-Apr-2015 16:54:33 America/Los_Angeles] PHP  56. Symfony\Component\DependencyInjection\ContainerBuilder->resolveServices() /Users/adanmas/projects/gsb/gsb_public_profile/gsb-behat-tests/vendor/symfony/dependency-injection/Symfony/Component/DependencyInjection/ContainerBuilder.php:941
[03-Apr-2015 16:54:33 America/Los_Angeles] PHP  57. array_map() /Users/adanmas/projects/gsb/gsb_public_profile/gsb-behat-tests/vendor/symfony/dependency-injection/Symfony/Component/DependencyInjection/ContainerBuilder.php:1007
[03-Apr-2015 16:54:33 America/Los_Angeles] PHP  58. Symfony\Component\DependencyInjection\ContainerBuilder->resolveServices() /Users/adanmas/projects/gsb/gsb_public_profile/gsb-behat-tests/vendor/symfony/dependency-injection/Symfony/Component/DependencyInjection/ContainerBuilder.php:1007
[03-Apr-2015 16:54:33 America/Los_Angeles] PHP  59. Symfony\Component\DependencyInjection\ContainerBuilder->get() /Users/adanmas/projects/gsb/gsb_public_profile/gsb-behat-tests/vendor/symfony/dependency-injection/Symfony/Component/DependencyInjection/ContainerBuilder.php:1009
[03-Apr-2015 16:54:33 America/Los_Angeles] PHP  60. Symfony\Component\DependencyInjection\ContainerBuilder->createService() /Users/adanmas/projects/gsb/gsb_public_profile/gsb-behat-tests/vendor/symfony/dependency-injection/Symfony/Component/DependencyInjection/ContainerBuilder.php:490
[03-Apr-2015 16:54:33 America/Los_Angeles] PHP  61. Symfony\Component\DependencyInjection\ContainerBuilder->resolveServices() /Users/adanmas/projects/gsb/gsb_public_profile/gsb-behat-tests/vendor/symfony/dependency-injection/Symfony/Component/DependencyInjection/ContainerBuilder.php:941
[03-Apr-2015 16:54:33 America/Los_Angeles] PHP  62. array_map() /Users/adanmas/projects/gsb/gsb_public_profile/gsb-behat-tests/vendor/symfony/dependency-injection/Symfony/Component/DependencyInjection/ContainerBuilder.php:1007
[03-Apr-2015 16:54:33 America/Los_Angeles] PHP  63. Symfony\Component\DependencyInjection\ContainerBuilder->resolveServices() /Users/adanmas/projects/gsb/gsb_public_profile/gsb-behat-tests/vendor/symfony/dependency-injection/Symfony/Component/DependencyInjection/ContainerBuilder.php:1007
[03-Apr-2015 16:54:33 America/Los_Angeles] PHP  64. Symfony\Component\DependencyInjection\ContainerBuilder->createService() /Users/adanmas/projects/gsb/gsb_public_profile/gsb-behat-tests/vendor/symfony/dependency-injection/Symfony/Component/DependencyInjection/ContainerBuilder.php:1011
[03-Apr-2015 16:54:33 America/Los_Angeles] PHP  65. Symfony\Component\DependencyInjection\ContainerBuilder->resolveServices() /Users/adanmas/projects/gsb/gsb_public_profile/gsb-behat-tests/vendor/symfony/dependency-injection/Symfony/Component/DependencyInjection/ContainerBuilder.php:941
[03-Apr-2015 16:54:33 America/Los_Angeles] PHP  66. array_map() /Users/adanmas/projects/gsb/gsb_public_profile/gsb-behat-tests/vendor/symfony/dependency-injection/Symfony/Component/DependencyInjection/ContainerBuilder.php:1007
[03-Apr-2015 16:54:33 America/Los_Angeles] PHP  67. Symfony\Component\DependencyInjection\ContainerBuilder->resolveServices() /Users/adanmas/projects/gsb/gsb_public_profile/gsb-behat-tests/vendor/symfony/dependency-injection/Symfony/Component/DependencyInjection/ContainerBuilder.php:1007
[03-Apr-2015 16:54:33 America/Los_Angeles] PHP  68. Symfony\Component\DependencyInjection\ContainerBuilder->get() /Users/adanmas/projects/gsb/gsb_public_profile/gsb-behat-tests/vendor/symfony/dependency-injection/Symfony/Component/DependencyInjection/ContainerBuilder.php:1009
[03-Apr-2015 16:54:33 America/Los_Angeles] PHP  69. Symfony\Component\DependencyInjection\ContainerBuilder->createService() /Users/adanmas/projects/gsb/gsb_public_profile/gsb-behat-tests/vendor/symfony/dependency-injection/Symfony/Component/DependencyInjection/ContainerBuilder.php:490
[03-Apr-2015 16:54:33 America/Los_Angeles] PHP  70. Symfony\Component\DependencyInjection\ContainerBuilder->resolveServices() /Users/adanmas/projects/gsb/gsb_public_profile/gsb-behat-tests/vendor/symfony/dependency-injection/Symfony/Component/DependencyInjection/ContainerBuilder.php:941
[03-Apr-2015 16:54:33 America/Los_Angeles] PHP  71. array_map() /Users/adanmas/projects/gsb/gsb_public_profile/gsb-behat-tests/vendor/symfony/dependency-injection/Symfony/Component/DependencyInjection/ContainerBuilder.php:1007
[03-Apr-2015 16:54:33 America/Los_Angeles] PHP  72. Symfony\Component\DependencyInjection\ContainerBuilder->resolveServices() /Users/adanmas/projects/gsb/gsb_public_profile/gsb-behat-tests/vendor/symfony/dependency-injection/Symfony/Component/DependencyInjection/ContainerBuilder.php:1007
[03-Apr-2015 16:54:33 America/Los_Angeles] PHP  73. Symfony\Component\DependencyInjection\ContainerBuilder->get() /Users/adanmas/projects/gsb/gsb_public_profile/gsb-behat-tests/vendor/symfony/dependency-injection/Symfony/Component/DependencyInjection/ContainerBuilder.php:1009
[03-Apr-2015 16:54:33 America/Los_Angeles] PHP  74. Symfony\Component\DependencyInjection\ContainerBuilder->createService() /Users/adanmas/projects/gsb/gsb_public_profile/gsb-behat-tests/vendor/symfony/dependency-injection/Symfony/Component/DependencyInjection/ContainerBuilder.php:490
[03-Apr-2015 16:54:33 America/Los_Angeles] PHP  75. Symfony\Component\DependencyInjection\ContainerBuilder->resolveServices() /Users/adanmas/projects/gsb/gsb_public_profile/gsb-behat-tests/vendor/symfony/dependency-injection/Symfony/Component/DependencyInjection/ContainerBuilder.php:941
[03-Apr-2015 16:54:33 America/Los_Angeles] PHP  76. array_map() /Users/adanmas/projects/gsb/gsb_public_profile/gsb-behat-tests/vendor/symfony/dependency-injection/Symfony/Component/DependencyInjection/ContainerBuilder.php:1007
[03-Apr-2015 16:54:33 America/Los_Angeles] PHP  77. Symfony\Component\DependencyInjection\ContainerBuilder->resolveServices() /Users/adanmas/projects/gsb/gsb_public_profile/gsb-behat-tests/vendor/symfony/dependency-injection/Symfony/Component/DependencyInjection/ContainerBuilder.php:1007
[03-Apr-2015 16:54:33 America/Los_Angeles] PHP  78. Symfony\Component\DependencyInjection\ContainerBuilder->get() /Users/adanmas/projects/gsb/gsb_public_profile/gsb-behat-tests/vendor/symfony/dependency-injection/Symfony/Component/DependencyInjection/ContainerBuilder.php:1009
[03-Apr-2015 16:54:33 America/Los_Angeles] PHP  79. Symfony\Component\DependencyInjection\ContainerBuilder->createService() /Users/adanmas/projects/gsb/gsb_public_profile/gsb-behat-tests/vendor/symfony/dependency-injection/Symfony/Component/DependencyInjection/ContainerBuilder.php:490
[03-Apr-2015 16:54:33 America/Los_Angeles] PHP  80. Symfony\Component\DependencyInjection\ContainerBuilder->resolveServices() /Users/adanmas/projects/gsb/gsb_public_profile/gsb-behat-tests/vendor/symfony/dependency-injection/Symfony/Component/DependencyInjection/ContainerBuilder.php:941
[03-Apr-2015 16:54:33 America/Los_Angeles] PHP  81. array_map() /Users/adanmas/projects/gsb/gsb_public_profile/gsb-behat-tests/vendor/symfony/dependency-injection/Symfony/Component/DependencyInjection/ContainerBuilder.php:1007
[03-Apr-2015 16:54:33 America/Los_Angeles] PHP  82. Symfony\Component\DependencyInjection\ContainerBuilder->resolveServices() /Users/adanmas/projects/gsb/gsb_public_profile/gsb-behat-tests/vendor/symfony/dependency-injection/Symfony/Component/DependencyInjection/ContainerBuilder.php:1007
[03-Apr-2015 16:54:33 America/Los_Angeles] PHP  83. Symfony\Component\DependencyInjection\ContainerBuilder->createService() /Users/adanmas/projects/gsb/gsb_public_profile/gsb-behat-tests/vendor/symfony/dependency-injection/Symfony/Component/DependencyInjection/ContainerBuilder.php:1011
[03-Apr-2015 16:54:33 America/Los_Angeles] PHP  84. Symfony\Component\DependencyInjection\ContainerBuilder->resolveServices() /Users/adanmas/projects/gsb/gsb_public_profile/gsb-behat-tests/vendor/symfony/dependency-injection/Symfony/Component/DependencyInjection/ContainerBuilder.php:941
[03-Apr-2015 16:54:33 America/Los_Angeles] PHP  85. array_map() /Users/adanmas/projects/gsb/gsb_public_profile/gsb-behat-tests/vendor/symfony/dependency-injection/Symfony/Component/DependencyInjection/ContainerBuilder.php:1007
[03-Apr-2015 16:54:33 America/Los_Angeles] PHP  86. Symfony\Component\DependencyInjection\ContainerBuilder->resolveServices() /Users/adanmas/projects/gsb/gsb_public_profile/gsb-behat-tests/vendor/symfony/dependency-injection/Symfony/Component/DependencyInjection/ContainerBuilder.php:1007
[03-Apr-2015 16:54:33 America/Los_Angeles] PHP  87. Symfony\Component\DependencyInjection\ContainerBuilder->get() /Users/adanmas/projects/gsb/gsb_public_profile/gsb-behat-tests/vendor/symfony/dependency-injection/Symfony/Component/DependencyInjection/ContainerBuilder.php:1009
[03-Apr-2015 16:54:33 America/Los_Angeles] PHP  88. Symfony\Component\DependencyInjection\ContainerBuilder->createService() /Users/adanmas/projects/gsb/gsb_public_profile/gsb-behat-tests/vendor/symfony/dependency-injection/Symfony/Component/DependencyInjection/ContainerBuilder.php:490
[03-Apr-2015 16:54:33 America/Los_Angeles] PHP  89. Symfony\Component\DependencyInjection\ContainerBuilder->callMethod() /Users/adanmas/projects/gsb/gsb_public_profile/gsb-behat-tests/vendor/symfony/dependency-injection/Symfony/Component/DependencyInjection/ContainerBuilder.php:973
[03-Apr-2015 16:54:33 America/Los_Angeles] PHP  90. Symfony\Component\DependencyInjection\ContainerBuilder->resolveServices() /Users/adanmas/projects/gsb/gsb_public_profile/gsb-behat-tests/vendor/symfony/dependency-injection/Symfony/Component/DependencyInjection/ContainerBuilder.php:1151
[03-Apr-2015 16:54:33 America/Los_Angeles] PHP  91. array_map() /Users/adanmas/projects/gsb/gsb_public_profile/gsb-behat-tests/vendor/symfony/dependency-injection/Symfony/Component/DependencyInjection/ContainerBuilder.php:1007
[03-Apr-2015 16:54:33 America/Los_Angeles] PHP  92. Symfony\Component\DependencyInjection\ContainerBuilder->resolveServices() /Users/adanmas/projects/gsb/gsb_public_profile/gsb-behat-tests/vendor/symfony/dependency-injection/Symfony/Component/DependencyInjection/ContainerBuilder.php:1007
[03-Apr-2015 16:54:33 America/Los_Angeles] PHP  93. Symfony\Component\DependencyInjection\ContainerBuilder->get() /Users/adanmas/projects/gsb/gsb_public_profile/gsb-behat-tests/vendor/symfony/dependency-injection/Symfony/Component/DependencyInjection/ContainerBuilder.php:1009
[03-Apr-2015 16:54:33 America/Los_Angeles] PHP  94. Symfony\Component\DependencyInjection\ContainerBuilder->createService() /Users/adanmas/projects/gsb/gsb_public_profile/gsb-behat-tests/vendor/symfony/dependency-injection/Symfony/Component/DependencyInjection/ContainerBuilder.php:490
[03-Apr-2015 16:54:33 America/Los_Angeles] PHP  95. Symfony\Component\DependencyInjection\ContainerBuilder->resolveServices() /Users/adanmas/projects/gsb/gsb_public_profile/gsb-behat-tests/vendor/symfony/dependency-injection/Symfony/Component/DependencyInjection/ContainerBuilder.php:941
[03-Apr-2015 16:54:33 America/Los_Angeles] PHP  96. array_map() /Users/adanmas/projects/gsb/gsb_public_profile/gsb-behat-tests/vendor/symfony/dependency-injection/Symfony/Component/DependencyInjection/ContainerBuilder.php:1007
[03-Apr-2015 16:54:33 America/Los_Angeles] PHP  97. Symfony\Component\DependencyInjection\ContainerBuilder->resolveServices() /Users/adanmas/projects/gsb/gsb_public_profile/gsb-behat-tests/vendor/symfony/dependency-injection/Symfony/Component/DependencyInjection/ContainerBuilder.php:1007
[03-Apr-2015 16:54:33 America/Los_Angeles] PHP  98. Symfony\Component\DependencyInjection\ContainerBuilder->get() /Users/adanmas/projects/gsb/gsb_public_profile/gsb-behat-tests/vendor/symfony/dependency-injection/Symfony/Component/DependencyInjection/ContainerBuilder.php:1009
[03-Apr-2015 16:54:33 America/Los_Angeles] PHP  99. Symfony\Component\DependencyInjection\Container->get() /Users/adanmas/projects/gsb/gsb_public_profile/gsb-behat-tests/vendor/symfony/dependency-injection/Symfony/Component/DependencyInjection/ContainerBuilder.php:469
